<component name="libraryTable">
  <library name="junit-4.13.2">
    <CLASSES>
      <root url="jar://D:/Universidad/Tercero/IngenierÃ­a del software/Proyect_Platinum_Center/Librerias/junit-4.13.2.jar!/" />
    </CLASSES>
    <JAVADOC />
    <SOURCES />
  </library>
</component>